TN:
SF:/Users/adrian/projects/packo/lib/cli/index.js
FN:12,(anonymous_1)
FN:39,(anonymous_2)
FN:54,(anonymous_3)
FN:65,(anonymous_4)
FN:91,(anonymous_5)
FN:100,_validationHandler
FNF:6
FNH:0
FNDA:0,(anonymous_1)
FNDA:0,(anonymous_2)
FNDA:0,(anonymous_3)
FNDA:0,(anonymous_4)
FNDA:0,(anonymous_5)
FNDA:0,_validationHandler
DA:3,1
DA:4,1
DA:5,1
DA:6,1
DA:7,1
DA:8,1
DA:9,1
DA:10,1
DA:12,1
DA:13,0
DA:40,0
DA:42,0
DA:43,0
DA:45,0
DA:48,0
DA:49,0
DA:50,0
DA:54,1
DA:55,0
DA:58,0
DA:59,0
DA:60,0
DA:61,0
DA:64,0
DA:65,0
DA:66,0
DA:67,0
DA:70,0
DA:71,0
DA:72,0
DA:75,0
DA:76,0
DA:91,1
DA:100,1
DA:101,0
DA:103,0
DA:104,0
DA:107,0
DA:111,0
DA:113,0
DA:118,0
DA:120,0
DA:124,0
LF:43
LH:12
BRDA:42,1,0,0
BRDA:42,1,1,0
BRDA:58,2,0,0
BRDA:58,2,1,0
BRDA:64,3,0,0
BRDA:64,3,1,0
BRDA:64,4,0,0
BRDA:64,4,1,0
BRDA:66,5,0,0
BRDA:66,5,1,0
BRDA:103,6,0,0
BRDA:103,6,1,0
BRDA:108,7,0,0
BRDA:108,7,1,0
BRDA:111,8,0,0
BRDA:111,8,1,0
BRDA:111,9,0,0
BRDA:111,9,1,0
BRF:18
BRH:0
end_of_record
TN:
SF:/Users/adrian/projects/packo/lib/constants.js
FNF:0
FNH:0
DA:1,1
LF:1
LH:1
BRF:0
BRH:0
end_of_record
TN:
SF:/Users/adrian/projects/packo/lib/scaffold.js
FN:25,createSubdirectoryTree
FN:31,(anonymous_2)
FN:38,exit
FN:46,parseTemplatesAndCreateExtras
FN:70,(anonymous_5)
FN:83,initNpm
FN:84,(anonymous_7)
FN:91,(anonymous_8)
FN:109,createModuleRoot
FN:110,_runWhenDone
FN:133,processOptions
FN:142,(anonymous_12)
FN:155,(anonymous_13)
FN:162,(anonymous_14)
FNF:14
FNH:0
FNDA:0,createSubdirectoryTree
FNDA:0,(anonymous_2)
FNDA:0,exit
FNDA:0,parseTemplatesAndCreateExtras
FNDA:0,(anonymous_5)
FNDA:0,initNpm
FNDA:0,(anonymous_7)
FNDA:0,(anonymous_8)
FNDA:0,createModuleRoot
FNDA:0,_runWhenDone
FNDA:0,processOptions
FNDA:0,(anonymous_12)
FNDA:0,(anonymous_13)
FNDA:0,(anonymous_14)
DA:3,1
DA:4,1
DA:5,1
DA:6,1
DA:7,1
DA:8,1
DA:9,1
DA:10,1
DA:25,1
DA:27,0
DA:28,0
DA:31,0
DA:32,0
DA:35,0
DA:38,1
DA:39,0
DA:40,0
DA:46,1
DA:52,0
DA:54,0
DA:55,0
DA:58,0
DA:59,0
DA:61,0
DA:64,0
DA:65,0
DA:68,0
DA:70,0
DA:71,0
DA:72,0
DA:75,0
DA:83,1
DA:84,0
DA:86,0
DA:87,0
DA:91,0
DA:93,0
DA:94,0
DA:97,0
DA:109,1
DA:110,1
DA:111,0
DA:112,0
DA:115,0
DA:116,0
DA:119,0
DA:120,0
DA:121,0
DA:123,0
DA:133,1
DA:134,0
DA:135,0
DA:143,0
DA:144,0
DA:146,0
DA:150,0
DA:155,1
DA:156,0
DA:163,0
DA:164,0
DA:167,0
LF:61
LH:16
BRDA:27,1,0,0
BRDA:27,1,1,0
BRDA:39,2,0,0
BRDA:39,2,1,0
BRDA:54,3,0,0
BRDA:54,3,1,0
BRDA:58,4,0,0
BRDA:58,4,1,0
BRDA:64,5,0,0
BRDA:64,5,1,0
BRDA:86,6,0,0
BRDA:86,6,1,0
BRDA:93,7,0,0
BRDA:93,7,1,0
BRDA:111,8,0,0
BRDA:111,8,1,0
BRDA:119,9,0,0
BRDA:119,9,1,0
BRDA:134,10,0,0
BRDA:134,10,1,0
BRDA:143,11,0,0
BRDA:143,11,1,0
BRDA:163,12,0,0
BRDA:163,12,1,0
BRF:24
BRH:0
end_of_record
